[1.124s] DEBUG:colcon:Command line arguments: ['/home/ahmedmoataz/.local/bin/colcon', 'list', '-p', '--base-paths', '/home/ahmedmoataz/simple_robot_ws/src/ros2-robot-sim']
[1.126s] DEBUG:colcon:Parsed command line arguments: Namespace(log_base=None, log_level=None, verb_name='list', build_base='build', ignore_user_meta=False, metas=['./colcon.meta'], base_paths=['/home/ahmedmoataz/simple_robot_ws/src/ros2-robot-sim'], packages_ignore=None, packages_ignore_regex=None, paths=None, packages_up_to=None, packages_up_to_regex=None, packages_above=None, packages_above_and_dependencies=None, packages_above_depth=None, packages_select_by_dep=None, packages_skip_by_dep=None, packages_skip_up_to=None, packages_select_build_failed=False, packages_skip_build_finished=False, packages_select_test_failures=False, packages_skip_test_passed=False, packages_select=None, packages_skip=None, packages_select_regex=None, packages_skip_regex=None, packages_start=None, packages_end=None, allow_overriding=[], topological_order=False, names_only=False, paths_only=True, topological_graph=False, topological_graph_dot=False, topological_graph_density=False, topological_graph_legend=False, topological_graph_dot_cluster=False, topological_graph_dot_include_skipped=False, verb_parser=<colcon_defaults.argument_parser.defaults.DefaultArgumentsDecorator object at 0x7b4519e1fc40>, verb_extension=<colcon_package_information.verb.list.ListVerb object at 0x7b4519e1ece0>, main=<bound method ListVerb.main of <colcon_package_information.verb.list.ListVerb object at 0x7b4519e1ece0>>)
[2.193s] Level 1:colcon.colcon_core.package_discovery:discover_packages(colcon_meta) check parameters
[2.193s] Level 1:colcon.colcon_core.package_discovery:discover_packages(recursive) check parameters
[2.193s] Level 1:colcon.colcon_core.package_discovery:discover_packages(ignore) check parameters
[2.194s] Level 1:colcon.colcon_core.package_discovery:discover_packages(path) check parameters
[2.194s] Level 1:colcon.colcon_core.package_discovery:discover_packages(recursive) discover
[2.194s] INFO:colcon.colcon_core.package_discovery:Crawling recursively for packages in '/home/ahmedmoataz/simple_robot_ws/src/ros2-robot-sim'
[2.194s] Level 1:colcon.colcon_core.package_identification:_identify(/home/ahmedmoataz/simple_robot_ws/src/ros2-robot-sim) by extensions ['ignore', 'ignore_ament_install']
[2.195s] Level 1:colcon.colcon_core.package_identification:_identify(/home/ahmedmoataz/simple_robot_ws/src/ros2-robot-sim) by extension 'ignore'
[2.195s] Level 1:colcon.colcon_core.package_identification:_identify(/home/ahmedmoataz/simple_robot_ws/src/ros2-robot-sim) by extension 'ignore_ament_install'
[2.195s] Level 1:colcon.colcon_core.package_identification:_identify(/home/ahmedmoataz/simple_robot_ws/src/ros2-robot-sim) by extensions ['colcon_pkg']
[2.196s] Level 1:colcon.colcon_core.package_identification:_identify(/home/ahmedmoataz/simple_robot_ws/src/ros2-robot-sim) by extension 'colcon_pkg'
[2.196s] Level 1:colcon.colcon_core.package_identification:_identify(/home/ahmedmoataz/simple_robot_ws/src/ros2-robot-sim) by extensions ['colcon_meta']
[2.196s] Level 1:colcon.colcon_core.package_identification:_identify(/home/ahmedmoataz/simple_robot_ws/src/ros2-robot-sim) by extension 'colcon_meta'
[2.196s] Level 1:colcon.colcon_core.package_identification:_identify(/home/ahmedmoataz/simple_robot_ws/src/ros2-robot-sim) by extensions ['ros']
[2.196s] Level 1:colcon.colcon_core.package_identification:_identify(/home/ahmedmoataz/simple_robot_ws/src/ros2-robot-sim) by extension 'ros'
[2.299s] Level 1:colcon.colcon_core.package_identification:_identify(/home/ahmedmoataz/simple_robot_ws/src/ros2-robot-sim) by extensions ['cmake', 'python']
[2.299s] Level 1:colcon.colcon_core.package_identification:_identify(/home/ahmedmoataz/simple_robot_ws/src/ros2-robot-sim) by extension 'cmake'
[2.300s] Level 1:colcon.colcon_core.package_identification:_identify(/home/ahmedmoataz/simple_robot_ws/src/ros2-robot-sim) by extension 'python'
[2.300s] Level 1:colcon.colcon_core.package_identification:_identify(/home/ahmedmoataz/simple_robot_ws/src/ros2-robot-sim) by extensions ['python_setup_py']
[2.300s] Level 1:colcon.colcon_core.package_identification:_identify(/home/ahmedmoataz/simple_robot_ws/src/ros2-robot-sim) by extension 'python_setup_py'
[2.301s] Level 1:colcon.colcon_core.package_identification:_identify(/home/ahmedmoataz/simple_robot_ws/src/ros2-robot-sim/log) by extensions ['ignore', 'ignore_ament_install']
[2.301s] Level 1:colcon.colcon_core.package_identification:_identify(/home/ahmedmoataz/simple_robot_ws/src/ros2-robot-sim/log) by extension 'ignore'
[2.301s] Level 1:colcon.colcon_core.package_identification:_identify(/home/ahmedmoataz/simple_robot_ws/src/ros2-robot-sim/log) ignored
[2.302s] Level 1:colcon.colcon_core.package_identification:_identify(/home/ahmedmoataz/simple_robot_ws/src/ros2-robot-sim/simple_robot_description) by extensions ['ignore', 'ignore_ament_install']
[2.302s] Level 1:colcon.colcon_core.package_identification:_identify(/home/ahmedmoataz/simple_robot_ws/src/ros2-robot-sim/simple_robot_description) by extension 'ignore'
[2.303s] Level 1:colcon.colcon_core.package_identification:_identify(/home/ahmedmoataz/simple_robot_ws/src/ros2-robot-sim/simple_robot_description) by extension 'ignore_ament_install'
[2.303s] Level 1:colcon.colcon_core.package_identification:_identify(/home/ahmedmoataz/simple_robot_ws/src/ros2-robot-sim/simple_robot_description) by extensions ['colcon_pkg']
[2.303s] Level 1:colcon.colcon_core.package_identification:_identify(/home/ahmedmoataz/simple_robot_ws/src/ros2-robot-sim/simple_robot_description) by extension 'colcon_pkg'
[2.303s] Level 1:colcon.colcon_core.package_identification:_identify(/home/ahmedmoataz/simple_robot_ws/src/ros2-robot-sim/simple_robot_description) by extensions ['colcon_meta']
[2.303s] Level 1:colcon.colcon_core.package_identification:_identify(/home/ahmedmoataz/simple_robot_ws/src/ros2-robot-sim/simple_robot_description) by extension 'colcon_meta'
[2.304s] Level 1:colcon.colcon_core.package_identification:_identify(/home/ahmedmoataz/simple_robot_ws/src/ros2-robot-sim/simple_robot_description) by extensions ['ros']
[2.307s] Level 1:colcon.colcon_core.package_identification:_identify(/home/ahmedmoataz/simple_robot_ws/src/ros2-robot-sim/simple_robot_description) by extension 'ros'
[2.337s] DEBUG:colcon.colcon_core.package_identification:Package '/home/ahmedmoataz/simple_robot_ws/src/ros2-robot-sim/simple_robot_description' with type 'ros.ament_cmake' and name 'simple_robot_description'
[2.337s] Level 1:colcon.colcon_core.package_discovery:discover_packages(recursive) using defaults
